# JRE version: OpenJDK Runtime Environment (21.0.5) (build 21.0.5+-13047016-b750.29)
# Java VM: OpenJDK 64-Bit Server VM (21.0.5+-13047016-b750.29, mixed mode, tiered, compressed oops, compressed class ptrs, g1 gc, windows-amd64)
GC Precious Log:
 CardTable entry size: 512
 Card Set container configuration: InlinePtr #cards 5 size 8 Array Of Cards #cards 12 size 40 Howl #buckets 4 coarsen threshold 1843 Howl Bitmap #cards 512 size 80 coarsen threshold 460 Card regions per heap region 1 cards per card region 2048
 CPUs: 12 total, 12 available
 Memory: 31912M
 Large Page Support: Disabled
 NUMA Support: Disabled
 Compressed Oops: Enabled (32-bit)
 Heap Region Size: 1M
 Heap Min Capacity: 8M
 Heap Initial Capacity: 500M
 Heap Max Capacity: 2G
 Pre-touch: Disabled
 Parallel Workers: 10
 Concurrent Workers: 3
 Concurrent Refinement Workers: 10
 Periodic GC: Disabled
Heap:
 garbage-first heap   total 142336K, used 72502K [0x0000000080000000, 0x0000000100000000)
  region size 1024K, 20 young (20480K), 10 survivors (10240K)
 Metaspace       used 71371K, committed 73152K, reserved 1114112K
  class space    used 9507K, committed 10432K, reserved 1048576K
GC Heap History (20 events):
Event: 1.543 GC heap before
{Heap before GC invocations=6 (full 0):
 garbage-first heap   total 83968K, used 61224K [0x0000000080000000, 0x0000000100000000)
  region size 1024K, 49 young (50176K), 12 survivors (12288K)
 Metaspace       used 34363K, committed 35264K, reserved 1114112K
  class space    used 4571K, committed 4992K, reserved 1048576K
}
Event: 1.546 GC heap after
{Heap after GC invocations=7 (full 0):
 garbage-first heap   total 83968K, used 25701K [0x0000000080000000, 0x0000000100000000)
  region size 1024K, 6 young (6144K), 6 survivors (6144K)
 Metaspace       used 34363K, committed 35264K, reserved 1114112K
  class space    used 4571K, committed 4992K, reserved 1048576K
}
Event: 1.604 GC heap before
{Heap before GC invocations=7 (full 0):
 garbage-first heap   total 83968K, used 32869K [0x0000000080000000, 0x0000000100000000)
  region size 1024K, 14 young (14336K), 6 survivors (6144K)
 Metaspace       used 35264K, committed 36096K, reserved 1114112K
  class space    used 4718K, committed 5120K, reserved 1048576K
}
Event: 1.606 GC heap after
{Heap after GC invocations=8 (full 0):
 garbage-first heap   total 83968K, used 25963K [0x0000000080000000, 0x0000000100000000)
  region size 1024K, 4 young (4096K), 4 survivors (4096K)
 Metaspace       used 35264K, committed 36096K, reserved 1114112K
  class space    used 4718K, committed 5120K, reserved 1048576K
}
Event: 1.895 GC heap before
{Heap before GC invocations=9 (full 0):
 garbage-first heap   total 83968K, used 67947K [0x0000000080000000, 0x0000000100000000)
  region size 1024K, 46 young (47104K), 4 survivors (4096K)
 Metaspace       used 41069K, committed 42304K, reserved 1114112K
  class space    used 5634K, committed 6272K, reserved 1048576K
}
Event: 1.897 GC heap after
{Heap after GC invocations=10 (full 0):
 garbage-first heap   total 83968K, used 28851K [0x0000000080000000, 0x0000000100000000)
  region size 1024K, 6 young (6144K), 6 survivors (6144K)
 Metaspace       used 41069K, committed 42304K, reserved 1114112K
  class space    used 5634K, committed 6272K, reserved 1048576K
}
Event: 2.117 GC heap before
{Heap before GC invocations=10 (full 0):
 garbage-first heap   total 83968K, used 69811K [0x0000000080000000, 0x0000000100000000)
  region size 1024K, 47 young (48128K), 6 survivors (6144K)
 Metaspace       used 46839K, committed 48064K, reserved 1114112K
  class space    used 6270K, committed 6912K, reserved 1048576K
}
Event: 2.120 GC heap after
{Heap after GC invocations=11 (full 0):
 garbage-first heap   total 83968K, used 32216K [0x0000000080000000, 0x0000000100000000)
  region size 1024K, 6 young (6144K), 6 survivors (6144K)
 Metaspace       used 46839K, committed 48064K, reserved 1114112K
  class space    used 6270K, committed 6912K, reserved 1048576K
}
Event: 2.335 GC heap before
{Heap before GC invocations=11 (full 0):
 garbage-first heap   total 83968K, used 75224K [0x0000000080000000, 0x0000000100000000)
  region size 1024K, 44 young (45056K), 6 survivors (6144K)
 Metaspace       used 50541K, committed 51904K, reserved 1114112K
  class space    used 6728K, committed 7424K, reserved 1048576K
}
Event: 2.339 GC heap after
{Heap after GC invocations=12 (full 0):
 garbage-first heap   total 300032K, used 36906K [0x0000000080000000, 0x0000000100000000)
  region size 1024K, 5 young (5120K), 5 survivors (5120K)
 Metaspace       used 50541K, committed 51904K, reserved 1114112K
  class space    used 6728K, committed 7424K, reserved 1048576K
}
Event: 2.836 GC heap before
{Heap before GC invocations=12 (full 0):
 garbage-first heap   total 300032K, used 97322K [0x0000000080000000, 0x0000000100000000)
  region size 1024K, 64 young (65536K), 5 survivors (5120K)
 Metaspace       used 58845K, committed 60416K, reserved 1114112K
  class space    used 7978K, committed 8768K, reserved 1048576K
}
Event: 2.840 GC heap after
{Heap after GC invocations=13 (full 0):
 garbage-first heap   total 300032K, used 41007K [0x0000000080000000, 0x0000000100000000)
  region size 1024K, 8 young (8192K), 8 survivors (8192K)
 Metaspace       used 58845K, committed 60416K, reserved 1114112K
  class space    used 7978K, committed 8768K, reserved 1048576K
}
Event: 3.423 GC heap before
{Heap before GC invocations=14 (full 0):
 garbage-first heap   total 140288K, used 115759K [0x0000000080000000, 0x0000000100000000)
  region size 1024K, 82 young (83968K), 8 survivors (8192K)
 Metaspace       used 63418K, committed 65024K, reserved 1114112K
  class space    used 8612K, committed 9408K, reserved 1048576K
}
Event: 3.428 GC heap after
{Heap after GC invocations=15 (full 0):
 garbage-first heap   total 140288K, used 47690K [0x0000000080000000, 0x0000000100000000)
  region size 1024K, 11 young (11264K), 11 survivors (11264K)
 Metaspace       used 63418K, committed 65024K, reserved 1114112K
  class space    used 8612K, committed 9408K, reserved 1048576K
}
Event: 3.577 GC heap before
{Heap before GC invocations=15 (full 0):
 garbage-first heap   total 140288K, used 118346K [0x0000000080000000, 0x0000000100000000)
  region size 1024K, 80 young (81920K), 11 survivors (11264K)
 Metaspace       used 63916K, committed 65536K, reserved 1114112K
  class space    used 8640K, committed 9472K, reserved 1048576K
}
Event: 3.581 GC heap after
{Heap after GC invocations=16 (full 0):
 garbage-first heap   total 140288K, used 49282K [0x0000000080000000, 0x0000000100000000)
  region size 1024K, 5 young (5120K), 5 survivors (5120K)
 Metaspace       used 63916K, committed 65536K, reserved 1114112K
  class space    used 8640K, committed 9472K, reserved 1048576K
}
Event: 3.737 GC heap before
{Heap before GC invocations=16 (full 0):
 garbage-first heap   total 140288K, used 111746K [0x0000000080000000, 0x0000000100000000)
  region size 1024K, 68 young (69632K), 5 survivors (5120K)
 Metaspace       used 64229K, committed 65920K, reserved 1114112K
  class space    used 8678K, committed 9536K, reserved 1048576K
}
Event: 3.739 GC heap after
{Heap after GC invocations=17 (full 0):
 garbage-first heap   total 140288K, used 50413K [0x0000000080000000, 0x0000000100000000)
  region size 1024K, 6 young (6144K), 6 survivors (6144K)
 Metaspace       used 64229K, committed 65920K, reserved 1114112K
  class space    used 8678K, committed 9536K, reserved 1048576K
}
Event: 4.265 GC heap before
{Heap before GC invocations=18 (full 0):
 garbage-first heap   total 140288K, used 128237K [0x0000000080000000, 0x0000000100000000)
  region size 1024K, 76 young (77824K), 6 survivors (6144K)
 Metaspace       used 70367K, committed 72064K, reserved 1114112K
  class space    used 9385K, committed 10240K, reserved 1048576K
}
Event: 4.267 GC heap after
{Heap after GC invocations=19 (full 0):
 garbage-first heap   total 142336K, used 63286K [0x0000000080000000, 0x0000000100000000)
  region size 1024K, 10 young (10240K), 10 survivors (10240K)
 Metaspace       used 70367K, committed 72064K, reserved 1114112K
  class space    used 9385K, committed 10240K, reserved 1048576K
}

